<?xml version="1.0" encoding="UTF-8"?>
<!-- Generated by org.testng.reporters.JUnitReportReporter -->
<testsuite hostname="DESKTOP-4H2CDN2" failures="0" tests="2" name="TestAnnotation" time="0.019" errors="0" timestamp="2022-05-24T11:50:39 ICT" skipped="0">
  <testcase classname="TestAnnotation" name="testTwoMethod" time="0.005"/>
  <system-out/>
  <testcase classname="TestAnnotation" name="testOneMethod" time="0.014"/>
  <system-out/>
</testsuite> <!-- TestAnnotation -->
