<?xml version="1.0" encoding="UTF-8"?>
<!-- Generated by org.testng.reporters.JUnitReportReporter -->
<testsuite hostname="DESKTOP-4H2CDN2" failures="0" tests="2" name="FirstTestNG" time="22.484" errors="0" timestamp="2022-05-24T17:18:23 ICT" skipped="0">
  <testcase classname="FirstTestNG" name="loginAccount" time="6.311"/>
  <system-out/>
  <testcase classname="FirstTestNG" name="updateConfig_paybytoken" time="16.173"/>
  <system-out/>
</testsuite> <!-- FirstTestNG -->
